Determining if the function crc32c_value exists in the crc32c failed with the following output:
Change Dir: /Users/hcs/Documents/version-control/leveldb/cmake-build-debug/CMakeFiles/CMakeTmp

Run Build Command:"/usr/local/bin/gmake" "cmTC_b0a24/fast"
/usr/local/bin/gmake -f CMakeFiles/cmTC_b0a24.dir/build.make CMakeFiles/cmTC_b0a24.dir/build
gmake[1]: Entering directory '/Users/hcs/Documents/version-control/leveldb/cmake-build-debug/CMakeFiles/CMakeTmp'
Building C object CMakeFiles/cmTC_b0a24.dir/CheckFunctionExists.c.o
/Library/Developer/CommandLineTools/usr/bin/cc   -DCHECK_FUNCTION_EXISTS=crc32c_value -isysroot /Library/Developer/CommandLineTools/SDKs/MacOSX10.15.sdk   -std=c11 -o CMakeFiles/cmTC_b0a24.dir/CheckFunctionExists.c.o   -c /Applications/CLion.app/Contents/bin/cmake/mac/share/cmake-3.13/Modules/CheckFunctionExists.c
Linking C executable cmTC_b0a24
/Applications/CLion.app/Contents/bin/cmake/mac/bin/cmake -E cmake_link_script CMakeFiles/cmTC_b0a24.dir/link.txt --verbose=1
/Library/Developer/CommandLineTools/usr/bin/cc  -DCHECK_FUNCTION_EXISTS=crc32c_value -isysroot /Library/Developer/CommandLineTools/SDKs/MacOSX10.15.sdk -Wl,-search_paths_first -Wl,-headerpad_max_install_names   CMakeFiles/cmTC_b0a24.dir/CheckFunctionExists.c.o  -o cmTC_b0a24 -lcrc32c 
ld: library not found for -lcrc32c
clang: error: linker command failed with exit code 1 (use -v to see invocation)
gmake[1]: *** [CMakeFiles/cmTC_b0a24.dir/build.make:87: cmTC_b0a24] Error 1
gmake[1]: Leaving directory '/Users/hcs/Documents/version-control/leveldb/cmake-build-debug/CMakeFiles/CMakeTmp'
gmake: *** [Makefile:121: cmTC_b0a24/fast] Error 2


Determining if the function snappy_compress exists in the snappy failed with the following output:
Change Dir: /Users/hcs/Documents/version-control/leveldb/cmake-build-debug/CMakeFiles/CMakeTmp

Run Build Command:"/usr/local/bin/gmake" "cmTC_2db4d/fast"
/usr/local/bin/gmake -f CMakeFiles/cmTC_2db4d.dir/build.make CMakeFiles/cmTC_2db4d.dir/build
gmake[1]: Entering directory '/Users/hcs/Documents/version-control/leveldb/cmake-build-debug/CMakeFiles/CMakeTmp'
Building C object CMakeFiles/cmTC_2db4d.dir/CheckFunctionExists.c.o
/Library/Developer/CommandLineTools/usr/bin/cc   -DCHECK_FUNCTION_EXISTS=snappy_compress -isysroot /Library/Developer/CommandLineTools/SDKs/MacOSX10.15.sdk   -std=c11 -o CMakeFiles/cmTC_2db4d.dir/CheckFunctionExists.c.o   -c /Applications/CLion.app/Contents/bin/cmake/mac/share/cmake-3.13/Modules/CheckFunctionExists.c
Linking C executable cmTC_2db4d
/Applications/CLion.app/Contents/bin/cmake/mac/bin/cmake -E cmake_link_script CMakeFiles/cmTC_2db4d.dir/link.txt --verbose=1
/Library/Developer/CommandLineTools/usr/bin/cc  -DCHECK_FUNCTION_EXISTS=snappy_compress -isysroot /Library/Developer/CommandLineTools/SDKs/MacOSX10.15.sdk -Wl,-search_paths_first -Wl,-headerpad_max_install_names   CMakeFiles/cmTC_2db4d.dir/CheckFunctionExists.c.o  -o cmTC_2db4d -lsnappy 
ld: library not found for -lsnappy
clang: error: linker command failed with exit code 1 (use -v to see invocation)
gmake[1]: *** [CMakeFiles/cmTC_2db4d.dir/build.make:87: cmTC_2db4d] Error 1
gmake[1]: Leaving directory '/Users/hcs/Documents/version-control/leveldb/cmake-build-debug/CMakeFiles/CMakeTmp'
gmake: *** [Makefile:121: cmTC_2db4d/fast] Error 2


Determining if the function malloc exists in the tcmalloc failed with the following output:
Change Dir: /Users/hcs/Documents/version-control/leveldb/cmake-build-debug/CMakeFiles/CMakeTmp

Run Build Command:"/usr/local/bin/gmake" "cmTC_2117b/fast"
/usr/local/bin/gmake -f CMakeFiles/cmTC_2117b.dir/build.make CMakeFiles/cmTC_2117b.dir/build
gmake[1]: Entering directory '/Users/hcs/Documents/version-control/leveldb/cmake-build-debug/CMakeFiles/CMakeTmp'
Building C object CMakeFiles/cmTC_2117b.dir/CheckFunctionExists.c.o
/Library/Developer/CommandLineTools/usr/bin/cc   -DCHECK_FUNCTION_EXISTS=malloc -isysroot /Library/Developer/CommandLineTools/SDKs/MacOSX10.15.sdk   -std=c11 -o CMakeFiles/cmTC_2117b.dir/CheckFunctionExists.c.o   -c /Applications/CLion.app/Contents/bin/cmake/mac/share/cmake-3.13/Modules/CheckFunctionExists.c
/Applications/CLion.app/Contents/bin/cmake/mac/share/cmake-3.13/Modules/CheckFunctionExists.c:7:3: warning: incompatible redeclaration of library function 'malloc' [-Wincompatible-library-redeclaration]
  CHECK_FUNCTION_EXISTS(void);
  ^
<command line>:1:31: note: expanded from here
#define CHECK_FUNCTION_EXISTS malloc
                              ^
/Applications/CLion.app/Contents/bin/cmake/mac/share/cmake-3.13/Modules/CheckFunctionExists.c:7:3: note: 'malloc' is a builtin with type 'void *(unsigned long)'
<command line>:1:31: note: expanded from here
#define CHECK_FUNCTION_EXISTS malloc
                              ^
1 warning generated.
Linking C executable cmTC_2117b
/Applications/CLion.app/Contents/bin/cmake/mac/bin/cmake -E cmake_link_script CMakeFiles/cmTC_2117b.dir/link.txt --verbose=1
/Library/Developer/CommandLineTools/usr/bin/cc  -DCHECK_FUNCTION_EXISTS=malloc -isysroot /Library/Developer/CommandLineTools/SDKs/MacOSX10.15.sdk -Wl,-search_paths_first -Wl,-headerpad_max_install_names   CMakeFiles/cmTC_2117b.dir/CheckFunctionExists.c.o  -o cmTC_2117b -ltcmalloc 
ld: library not found for -ltcmalloc
clang: error: linker command failed with exit code 1 (use -v to see invocation)
gmake[1]: *** [CMakeFiles/cmTC_2117b.dir/build.make:87: cmTC_2117b] Error 1
gmake[1]: Leaving directory '/Users/hcs/Documents/version-control/leveldb/cmake-build-debug/CMakeFiles/CMakeTmp'
gmake: *** [Makefile:121: cmTC_2117b/fast] Error 2


Determining if the fdatasync exist failed with the following output:
Change Dir: /Users/hcs/Documents/version-control/leveldb/cmake-build-debug/CMakeFiles/CMakeTmp

Run Build Command:"/usr/local/bin/gmake" "cmTC_59e44/fast"
/usr/local/bin/gmake -f CMakeFiles/cmTC_59e44.dir/build.make CMakeFiles/cmTC_59e44.dir/build
gmake[1]: Entering directory '/Users/hcs/Documents/version-control/leveldb/cmake-build-debug/CMakeFiles/CMakeTmp'
Building CXX object CMakeFiles/cmTC_59e44.dir/CheckSymbolExists.cxx.o
/Library/Developer/CommandLineTools/usr/bin/c++    -isysroot /Library/Developer/CommandLineTools/SDKs/MacOSX10.15.sdk   -std=c++11 -o CMakeFiles/cmTC_59e44.dir/CheckSymbolExists.cxx.o -c /Users/hcs/Documents/version-control/leveldb/cmake-build-debug/CMakeFiles/CMakeTmp/CheckSymbolExists.cxx
/Users/hcs/Documents/version-control/leveldb/cmake-build-debug/CMakeFiles/CMakeTmp/CheckSymbolExists.cxx:8:19: error: use of undeclared identifier 'fdatasync'
  return ((int*)(&fdatasync))[argc];
                  ^
1 error generated.
gmake[1]: *** [CMakeFiles/cmTC_59e44.dir/build.make:66: CMakeFiles/cmTC_59e44.dir/CheckSymbolExists.cxx.o] Error 1
gmake[1]: Leaving directory '/Users/hcs/Documents/version-control/leveldb/cmake-build-debug/CMakeFiles/CMakeTmp'
gmake: *** [Makefile:121: cmTC_59e44/fast] Error 2

File /Users/hcs/Documents/version-control/leveldb/cmake-build-debug/CMakeFiles/CMakeTmp/CheckSymbolExists.cxx:
/* */
#include <unistd.h>

int main(int argc, char** argv)
{
  (void)argv;
#ifndef fdatasync
  return ((int*)(&fdatasync))[argc];
#else
  (void)argc;
  return 0;
#endif
}

Performing C++ SOURCE FILE Test HAVE_KYOTOCABINET failed with the following output:
Change Dir: /Users/hcs/Documents/version-control/leveldb/cmake-build-debug/CMakeFiles/CMakeTmp

Run Build Command:"/usr/local/bin/gmake" "cmTC_fe302/fast"
/usr/local/bin/gmake -f CMakeFiles/cmTC_fe302.dir/build.make CMakeFiles/cmTC_fe302.dir/build
gmake[1]: Entering directory '/Users/hcs/Documents/version-control/leveldb/cmake-build-debug/CMakeFiles/CMakeTmp'
Building CXX object CMakeFiles/cmTC_fe302.dir/src.cxx.o
/Library/Developer/CommandLineTools/usr/bin/c++    -fno-exceptions -fno-rtti -DHAVE_KYOTOCABINET -isysroot /Library/Developer/CommandLineTools/SDKs/MacOSX10.15.sdk   -std=c++11 -o CMakeFiles/cmTC_fe302.dir/src.cxx.o -c /Users/hcs/Documents/version-control/leveldb/cmake-build-debug/CMakeFiles/CMakeTmp/src.cxx
/Users/hcs/Documents/version-control/leveldb/cmake-build-debug/CMakeFiles/CMakeTmp/src.cxx:2:10: fatal error: 'kcpolydb.h' file not found
#include <kcpolydb.h>
         ^~~~~~~~~~~~
1 error generated.
gmake[1]: *** [CMakeFiles/cmTC_fe302.dir/build.make:66: CMakeFiles/cmTC_fe302.dir/src.cxx.o] Error 1
gmake[1]: Leaving directory '/Users/hcs/Documents/version-control/leveldb/cmake-build-debug/CMakeFiles/CMakeTmp'
gmake: *** [Makefile:121: cmTC_fe302/fast] Error 2

Source file was:

#include <kcpolydb.h>

int main() {
  kyotocabinet::TreeDB* db = new kyotocabinet::TreeDB();
  delete db;
  return 0;
}
  
