Determining if the function crc32c_value exists in the crc32c failed with the following output:
Change Dir: /Users/hcs/Documents/version-control/leveldb/build/CMakeFiles/CMakeTmp

Run Build Command:"/usr/local/bin/gmake" "cmTC_0b79c/fast"
/usr/local/bin/gmake -f CMakeFiles/cmTC_0b79c.dir/build.make CMakeFiles/cmTC_0b79c.dir/build
gmake[1]: Entering directory '/Users/hcs/Documents/version-control/leveldb/build/CMakeFiles/CMakeTmp'
Building C object CMakeFiles/cmTC_0b79c.dir/CheckFunctionExists.c.o
/Library/Developer/CommandLineTools/usr/bin/cc   -DCHECK_FUNCTION_EXISTS=crc32c_value -isysroot /Library/Developer/CommandLineTools/SDKs/MacOSX10.15.sdk   -std=c11 -o CMakeFiles/cmTC_0b79c.dir/CheckFunctionExists.c.o   -c /usr/local/Cellar/cmake/3.13.1/share/cmake/Modules/CheckFunctionExists.c
Linking C executable cmTC_0b79c
/usr/local/Cellar/cmake/3.13.1/bin/cmake -E cmake_link_script CMakeFiles/cmTC_0b79c.dir/link.txt --verbose=1
/Library/Developer/CommandLineTools/usr/bin/cc  -DCHECK_FUNCTION_EXISTS=crc32c_value -isysroot /Library/Developer/CommandLineTools/SDKs/MacOSX10.15.sdk -Wl,-search_paths_first -Wl,-headerpad_max_install_names   CMakeFiles/cmTC_0b79c.dir/CheckFunctionExists.c.o  -o cmTC_0b79c -lcrc32c 
ld: library not found for -lcrc32c
clang: error: linker command failed with exit code 1 (use -v to see invocation)
gmake[1]: *** [CMakeFiles/cmTC_0b79c.dir/build.make:87: cmTC_0b79c] Error 1
gmake[1]: Leaving directory '/Users/hcs/Documents/version-control/leveldb/build/CMakeFiles/CMakeTmp'
gmake: *** [Makefile:121: cmTC_0b79c/fast] Error 2


Determining if the function snappy_compress exists in the snappy failed with the following output:
Change Dir: /Users/hcs/Documents/version-control/leveldb/build/CMakeFiles/CMakeTmp

Run Build Command:"/usr/local/bin/gmake" "cmTC_6f89a/fast"
/usr/local/bin/gmake -f CMakeFiles/cmTC_6f89a.dir/build.make CMakeFiles/cmTC_6f89a.dir/build
gmake[1]: Entering directory '/Users/hcs/Documents/version-control/leveldb/build/CMakeFiles/CMakeTmp'
Building C object CMakeFiles/cmTC_6f89a.dir/CheckFunctionExists.c.o
/Library/Developer/CommandLineTools/usr/bin/cc   -DCHECK_FUNCTION_EXISTS=snappy_compress -isysroot /Library/Developer/CommandLineTools/SDKs/MacOSX10.15.sdk   -std=c11 -o CMakeFiles/cmTC_6f89a.dir/CheckFunctionExists.c.o   -c /usr/local/Cellar/cmake/3.13.1/share/cmake/Modules/CheckFunctionExists.c
Linking C executable cmTC_6f89a
/usr/local/Cellar/cmake/3.13.1/bin/cmake -E cmake_link_script CMakeFiles/cmTC_6f89a.dir/link.txt --verbose=1
/Library/Developer/CommandLineTools/usr/bin/cc  -DCHECK_FUNCTION_EXISTS=snappy_compress -isysroot /Library/Developer/CommandLineTools/SDKs/MacOSX10.15.sdk -Wl,-search_paths_first -Wl,-headerpad_max_install_names   CMakeFiles/cmTC_6f89a.dir/CheckFunctionExists.c.o  -o cmTC_6f89a -lsnappy 
ld: library not found for -lsnappy
clang: error: linker command failed with exit code 1 (use -v to see invocation)
gmake[1]: *** [CMakeFiles/cmTC_6f89a.dir/build.make:87: cmTC_6f89a] Error 1
gmake[1]: Leaving directory '/Users/hcs/Documents/version-control/leveldb/build/CMakeFiles/CMakeTmp'
gmake: *** [Makefile:121: cmTC_6f89a/fast] Error 2


Determining if the function malloc exists in the tcmalloc failed with the following output:
Change Dir: /Users/hcs/Documents/version-control/leveldb/build/CMakeFiles/CMakeTmp

Run Build Command:"/usr/local/bin/gmake" "cmTC_f93a1/fast"
/usr/local/bin/gmake -f CMakeFiles/cmTC_f93a1.dir/build.make CMakeFiles/cmTC_f93a1.dir/build
gmake[1]: Entering directory '/Users/hcs/Documents/version-control/leveldb/build/CMakeFiles/CMakeTmp'
Building C object CMakeFiles/cmTC_f93a1.dir/CheckFunctionExists.c.o
/Library/Developer/CommandLineTools/usr/bin/cc   -DCHECK_FUNCTION_EXISTS=malloc -isysroot /Library/Developer/CommandLineTools/SDKs/MacOSX10.15.sdk   -std=c11 -o CMakeFiles/cmTC_f93a1.dir/CheckFunctionExists.c.o   -c /usr/local/Cellar/cmake/3.13.1/share/cmake/Modules/CheckFunctionExists.c
/usr/local/Cellar/cmake/3.13.1/share/cmake/Modules/CheckFunctionExists.c:7:3: warning: incompatible redeclaration of library function 'malloc' [-Wincompatible-library-redeclaration]
  CHECK_FUNCTION_EXISTS(void);
  ^
<command line>:1:31: note: expanded from here
#define CHECK_FUNCTION_EXISTS malloc
                              ^
/usr/local/Cellar/cmake/3.13.1/share/cmake/Modules/CheckFunctionExists.c:7:3: note: 'malloc' is a builtin with type 'void *(unsigned long)'
<command line>:1:31: note: expanded from here
#define CHECK_FUNCTION_EXISTS malloc
                              ^
1 warning generated.
Linking C executable cmTC_f93a1
/usr/local/Cellar/cmake/3.13.1/bin/cmake -E cmake_link_script CMakeFiles/cmTC_f93a1.dir/link.txt --verbose=1
/Library/Developer/CommandLineTools/usr/bin/cc  -DCHECK_FUNCTION_EXISTS=malloc -isysroot /Library/Developer/CommandLineTools/SDKs/MacOSX10.15.sdk -Wl,-search_paths_first -Wl,-headerpad_max_install_names   CMakeFiles/cmTC_f93a1.dir/CheckFunctionExists.c.o  -o cmTC_f93a1 -ltcmalloc 
ld: library not found for -ltcmalloc
clang: error: linker command failed with exit code 1 (use -v to see invocation)
gmake[1]: *** [CMakeFiles/cmTC_f93a1.dir/build.make:87: cmTC_f93a1] Error 1
gmake[1]: Leaving directory '/Users/hcs/Documents/version-control/leveldb/build/CMakeFiles/CMakeTmp'
gmake: *** [Makefile:121: cmTC_f93a1/fast] Error 2


Determining if the fdatasync exist failed with the following output:
Change Dir: /Users/hcs/Documents/version-control/leveldb/build/CMakeFiles/CMakeTmp

Run Build Command:"/usr/local/bin/gmake" "cmTC_10a1d/fast"
/usr/local/bin/gmake -f CMakeFiles/cmTC_10a1d.dir/build.make CMakeFiles/cmTC_10a1d.dir/build
gmake[1]: Entering directory '/Users/hcs/Documents/version-control/leveldb/build/CMakeFiles/CMakeTmp'
Building CXX object CMakeFiles/cmTC_10a1d.dir/CheckSymbolExists.cxx.o
/Library/Developer/CommandLineTools/usr/bin/c++    -isysroot /Library/Developer/CommandLineTools/SDKs/MacOSX10.15.sdk   -std=c++11 -o CMakeFiles/cmTC_10a1d.dir/CheckSymbolExists.cxx.o -c /Users/hcs/Documents/version-control/leveldb/build/CMakeFiles/CMakeTmp/CheckSymbolExists.cxx
/Users/hcs/Documents/version-control/leveldb/build/CMakeFiles/CMakeTmp/CheckSymbolExists.cxx:8:19: error: use of undeclared identifier 'fdatasync'
  return ((int*)(&fdatasync))[argc];
                  ^
1 error generated.
gmake[1]: *** [CMakeFiles/cmTC_10a1d.dir/build.make:66: CMakeFiles/cmTC_10a1d.dir/CheckSymbolExists.cxx.o] Error 1
gmake[1]: Leaving directory '/Users/hcs/Documents/version-control/leveldb/build/CMakeFiles/CMakeTmp'
gmake: *** [Makefile:121: cmTC_10a1d/fast] Error 2

File /Users/hcs/Documents/version-control/leveldb/build/CMakeFiles/CMakeTmp/CheckSymbolExists.cxx:
/* */
#include <unistd.h>

int main(int argc, char** argv)
{
  (void)argv;
#ifndef fdatasync
  return ((int*)(&fdatasync))[argc];
#else
  (void)argc;
  return 0;
#endif
}

Performing C++ SOURCE FILE Test HAVE_KYOTOCABINET failed with the following output:
Change Dir: /Users/hcs/Documents/version-control/leveldb/build/CMakeFiles/CMakeTmp

Run Build Command:"/usr/local/bin/gmake" "cmTC_dab2c/fast"
/usr/local/bin/gmake -f CMakeFiles/cmTC_dab2c.dir/build.make CMakeFiles/cmTC_dab2c.dir/build
gmake[1]: Entering directory '/Users/hcs/Documents/version-control/leveldb/build/CMakeFiles/CMakeTmp'
Building CXX object CMakeFiles/cmTC_dab2c.dir/src.cxx.o
/Library/Developer/CommandLineTools/usr/bin/c++    -fno-exceptions -fno-rtti -DHAVE_KYOTOCABINET -isysroot /Library/Developer/CommandLineTools/SDKs/MacOSX10.15.sdk   -std=c++11 -o CMakeFiles/cmTC_dab2c.dir/src.cxx.o -c /Users/hcs/Documents/version-control/leveldb/build/CMakeFiles/CMakeTmp/src.cxx
/Users/hcs/Documents/version-control/leveldb/build/CMakeFiles/CMakeTmp/src.cxx:2:10: fatal error: 'kcpolydb.h' file not found
#include <kcpolydb.h>
         ^~~~~~~~~~~~
1 error generated.
gmake[1]: *** [CMakeFiles/cmTC_dab2c.dir/build.make:66: CMakeFiles/cmTC_dab2c.dir/src.cxx.o] Error 1
gmake[1]: Leaving directory '/Users/hcs/Documents/version-control/leveldb/build/CMakeFiles/CMakeTmp'
gmake: *** [Makefile:121: cmTC_dab2c/fast] Error 2

Source file was:

#include <kcpolydb.h>

int main() {
  kyotocabinet::TreeDB* db = new kyotocabinet::TreeDB();
  delete db;
  return 0;
}
  
